Determining if the pthread_create exist failed with the following output:
Change Dir: /usr/ANPLprefix/orb-slam2/cmake-build-debug/CMakeFiles/CMakeTmp

Run Build Command:"/usr/bin/make" "cmTC_7a835/fast"
/usr/bin/make -f CMakeFiles/cmTC_7a835.dir/build.make CMakeFiles/cmTC_7a835.dir/build
make[1]: Entering directory '/usr/ANPLprefix/orb-slam2/cmake-build-debug/CMakeFiles/CMakeTmp'
Building C object CMakeFiles/cmTC_7a835.dir/CheckSymbolExists.c.o
/usr/bin/cc   -fPIC    -o CMakeFiles/cmTC_7a835.dir/CheckSymbolExists.c.o   -c /usr/ANPLprefix/orb-slam2/cmake-build-debug/CMakeFiles/CMakeTmp/CheckSymbolExists.c
Linking C executable cmTC_7a835
/opt/ANPL/clion/bin/cmake/linux/bin/cmake -E cmake_link_script CMakeFiles/cmTC_7a835.dir/link.txt --verbose=1
/usr/bin/cc -fPIC     -rdynamic CMakeFiles/cmTC_7a835.dir/CheckSymbolExists.c.o  -o cmTC_7a835 
CMakeFiles/cmTC_7a835.dir/CheckSymbolExists.c.o: In function `main':
CheckSymbolExists.c:(.text+0x1b): undefined reference to `pthread_create'
collect2: error: ld returned 1 exit status
CMakeFiles/cmTC_7a835.dir/build.make:86: recipe for target 'cmTC_7a835' failed
make[1]: *** [cmTC_7a835] Error 1
make[1]: Leaving directory '/usr/ANPLprefix/orb-slam2/cmake-build-debug/CMakeFiles/CMakeTmp'
Makefile:121: recipe for target 'cmTC_7a835/fast' failed
make: *** [cmTC_7a835/fast] Error 2

File /usr/ANPLprefix/orb-slam2/cmake-build-debug/CMakeFiles/CMakeTmp/CheckSymbolExists.c:
/* */
#include <pthread.h>

int main(int argc, char** argv)
{
  (void)argv;
#ifndef pthread_create
  return ((int*)(&pthread_create))[argc];
#else
  (void)argc;
  return 0;
#endif
}

Determining if the function pthread_create exists in the pthreads failed with the following output:
Change Dir: /usr/ANPLprefix/orb-slam2/cmake-build-debug/CMakeFiles/CMakeTmp

Run Build Command:"/usr/bin/make" "cmTC_48973/fast"
/usr/bin/make -f CMakeFiles/cmTC_48973.dir/build.make CMakeFiles/cmTC_48973.dir/build
make[1]: Entering directory '/usr/ANPLprefix/orb-slam2/cmake-build-debug/CMakeFiles/CMakeTmp'
Building C object CMakeFiles/cmTC_48973.dir/CheckFunctionExists.c.o
/usr/bin/cc   -fPIC -DCHECK_FUNCTION_EXISTS=pthread_create   -o CMakeFiles/cmTC_48973.dir/CheckFunctionExists.c.o   -c /opt/ANPL/clion/bin/cmake/linux/share/cmake-3.12/Modules/CheckFunctionExists.c
Linking C executable cmTC_48973
/opt/ANPL/clion/bin/cmake/linux/bin/cmake -E cmake_link_script CMakeFiles/cmTC_48973.dir/link.txt --verbose=1
/usr/bin/cc -fPIC -DCHECK_FUNCTION_EXISTS=pthread_create    -rdynamic CMakeFiles/cmTC_48973.dir/CheckFunctionExists.c.o  -o cmTC_48973 -lpthreads 
/usr/bin/ld: cannot find -lpthreads
collect2: error: ld returned 1 exit status
CMakeFiles/cmTC_48973.dir/build.make:86: recipe for target 'cmTC_48973' failed
make[1]: *** [cmTC_48973] Error 1
make[1]: Leaving directory '/usr/ANPLprefix/orb-slam2/cmake-build-debug/CMakeFiles/CMakeTmp'
Makefile:121: recipe for target 'cmTC_48973/fast' failed
make: *** [cmTC_48973/fast] Error 2


